<?xml version="1.0" encoding="UTF-8"?>
<!-- Generated by org.testng.reporters.JUnitReportReporter -->
<testsuite hostname="DESKTOP-V50E88J" failures="0" tests="1" name="com.crm.tiger.Open" time="0.021" errors="0" timestamp="2024-07-30T14:38:45 IST" skipped="0">
  <testcase classname="com.crm.tiger.Open" name="openBr" time="0.021"/>
</testsuite> <!-- com.crm.tiger.Open -->
